This is pdfTeX, Version 3.1415926-2.3-1.40.12 (MiKTeX 2.9) (preloaded format=latex 2012.6.16)  8 OCT 2013 16:59
entering extended mode
**mva2011_CRC_sample.tex
(F:\houghRevise\mva2011_CRC_sample.tex
LaTeX2e <2011/06/27>
Babel <v3.8m> and hyphenation patterns for loaded.
(F:\houghRevise\mva2011.cls
Document Class: mva2011 2010/10/13 v1.0 MVA2011 LaTeX class file
(C:\CTEX\MiKTeX\tex\latex\base\article.cls
Document Class: article 2007/10/19 v1.4h Standard LaTeX document class
(C:\CTEX\MiKTeX\tex\latex\base\size10.clo
File: size10.clo 2007/10/19 v1.4h Standard LaTeX file (size option)
)
\c@part=\count79
\c@section=\count80
\c@subsection=\count81
\c@subsubsection=\count82
\c@paragraph=\count83
\c@subparagraph=\count84
\c@figure=\count85
\c@table=\count86
\abovecaptionskip=\skip41
\belowcaptionskip=\skip42
\bibindent=\dimen102
) (F:\houghRevise\balance.sty
Package: balance 1999/02/23 4.3 (PWD)
\oldvsize=\dimen103
)
MVA Style File
(C:\CTEX\MiKTeX\tex\latex\caption\caption.sty
Package: caption 2011/11/10 v3.2e Customizing captions (AR)

(C:\CTEX\MiKTeX\tex\latex\caption\caption3.sty
Package: caption3 2011/11/01 v1.4a caption3 kernel (AR)

(C:\CTEX\MiKTeX\tex\latex\graphics\keyval.sty
Package: keyval 1999/03/16 v1.13 key=value parser (DPC)
\KV@toks@=\toks14
)
\captionmargin=\dimen104
\captionmargin@=\dimen105
\captionwidth=\dimen106
\caption@indent=\dimen107
\caption@parindent=\dimen108
\caption@hangindent=\dimen109
)
\c@ContinuedFloat=\count87
)
\@ctmp=\skip43
\@figindent=\skip44
)
(C:\CTEX\MiKTeX\tex\latex\graphics\graphicx.sty
Package: graphicx 1999/02/16 v1.0f Enhanced LaTeX Graphics (DPC,SPQR)

(C:\CTEX\MiKTeX\tex\latex\graphics\graphics.sty
Package: graphics 2009/02/05 v1.0o Standard LaTeX Graphics (DPC,SPQR)

(C:\CTEX\MiKTeX\tex\latex\graphics\trig.sty
Package: trig 1999/03/16 v1.09 sin cos tan (DPC)
)
(C:\CTEX\MiKTeX\tex\latex\00miktex\graphics.cfg
File: graphics.cfg 2007/01/18 v1.5 graphics configuration of teTeX/TeXLive
)
Package graphics Info: Driver file: dvips.def on input line 91.

(C:\CTEX\MiKTeX\tex\latex\graphics\dvips.def
File: dvips.def 1999/02/16 v3.0i Driver-dependant file (DPC,SPQR)
))
\Gin@req@height=\dimen110
\Gin@req@width=\dimen111
)
(C:\CTEX\MiKTeX\tex\latex\psnfss\times.sty
Package: times 2005/04/12 PSNFSS-v9.2a (SPQR) 
)
(C:\CTEX\MiKTeX\tex\latex\graphics\epsfig.sty
Package: epsfig 1999/02/16 v1.7a (e)psfig emulation (SPQR)
\epsfxsize=\dimen112
\epsfysize=\dimen113
)
(C:\CTEX\MiKTeX\tex\latex\ams\math\amsmath.sty
Package: amsmath 2000/07/18 v2.13 AMS math features
\@mathmargin=\skip45

For additional information on amsmath, use the `?' option.
(C:\CTEX\MiKTeX\tex\latex\ams\math\amstext.sty
Package: amstext 2000/06/29 v2.01

(C:\CTEX\MiKTeX\tex\latex\ams\math\amsgen.sty
File: amsgen.sty 1999/11/30 v2.0
\@emptytoks=\toks15
\ex@=\dimen114
))
(C:\CTEX\MiKTeX\tex\latex\ams\math\amsbsy.sty
Package: amsbsy 1999/11/29 v1.2d
\pmbraise@=\dimen115
)
(C:\CTEX\MiKTeX\tex\latex\ams\math\amsopn.sty
Package: amsopn 1999/12/14 v2.01 operator names
)
\inf@bad=\count88
LaTeX Info: Redefining \frac on input line 211.
\uproot@=\count89
\leftroot@=\count90
LaTeX Info: Redefining \overline on input line 307.
\classnum@=\count91
\DOTSCASE@=\count92
LaTeX Info: Redefining \ldots on input line 379.
LaTeX Info: Redefining \dots on input line 382.
LaTeX Info: Redefining \cdots on input line 467.
\Mathstrutbox@=\box26
\strutbox@=\box27
\big@size=\dimen116
LaTeX Font Info:    Redeclaring font encoding OML on input line 567.
LaTeX Font Info:    Redeclaring font encoding OMS on input line 568.
\macc@depth=\count93
\c@MaxMatrixCols=\count94
\dotsspace@=\muskip10
\c@parentequation=\count95
\dspbrk@lvl=\count96
\tag@help=\toks16
\row@=\count97
\column@=\count98
\maxfields@=\count99
\andhelp@=\toks17
\eqnshift@=\dimen117
\alignsep@=\dimen118
\tagshift@=\dimen119
\tagwidth@=\dimen120
\totwidth@=\dimen121
\lineht@=\dimen122
\@envbody=\toks18
\multlinegap=\skip46
\multlinetaggap=\skip47
\mathdisplay@stack=\toks19
LaTeX Info: Redefining \[ on input line 2666.
LaTeX Info: Redefining \] on input line 2667.
)
(C:\CTEX\MiKTeX\tex\latex\amsfonts\amssymb.sty
Package: amssymb 2009/06/22 v3.00

(C:\CTEX\MiKTeX\tex\latex\amsfonts\amsfonts.sty
Package: amsfonts 2009/06/22 v3.00 Basic AMSFonts support
\symAMSa=\mathgroup4
\symAMSb=\mathgroup5
LaTeX Font Info:    Overwriting math alphabet `\mathfrak' in version `bold'
(Font)                  U/euf/m/n --> U/euf/b/n on input line 96.
))
(C:\CTEX\MiKTeX\tex\latex\subfigure\subfigure.sty
Package: subfigure 2002/07/30 v2.1.4 subfigure package
\subfigtopskip=\skip48
\subfigcapskip=\skip49
\subfigcaptopadj=\dimen123
\subfigbottomskip=\skip50
\subfigcapmargin=\dimen124
\subfiglabelskip=\skip51
\c@subfigure=\count100
\c@lofdepth=\count101
\c@subtable=\count102
\c@lotdepth=\count103

****************************************
* Local config file subfigure.cfg used *
****************************************
(C:\CTEX\MiKTeX\tex\latex\subfigure\subfigure.cfg)
\subfig@top=\skip52
\subfig@bottom=\skip53
)
(C:\CTEX\MiKTeX\tex\latex\graphics\color.sty
Package: color 2005/11/14 v1.0j Standard LaTeX Color (DPC)

(C:\CTEX\MiKTeX\tex\latex\00miktex\color.cfg
File: color.cfg 2007/01/18 v1.5 color configuration of teTeX/TeXLive
)
Package color Info: Driver file: dvips.def on input line 130.

(C:\CTEX\MiKTeX\tex\latex\graphics\dvipsnam.def
File: dvipsnam.def 1999/02/16 v3.0i Driver-dependant file (DPC,SPQR)
))
(C:\CTEX\MiKTeX\tex\latex\xcolor\xcolor.sty
Package: xcolor 2007/01/21 v2.11 LaTeX color extensions (UK)

(C:\CTEX\MiKTeX\tex\latex\00miktex\color.cfg
File: color.cfg 2007/01/18 v1.5 color configuration of teTeX/TeXLive
)
Package xcolor Info: Package option `usenames' ignored on input line 216.
Package xcolor Info: Driver file: dvips.def on input line 225.
LaTeX Info: Redefining \color on input line 702.
Package xcolor Info: Model `cmy' substituted by `cmy0' on input line 1337.
Package xcolor Info: Model `RGB' extended on input line 1353.
Package xcolor Info: Model `HTML' substituted by `rgb' on input line 1355.
Package xcolor Info: Model `Hsb' substituted by `hsb' on input line 1356.
Package xcolor Info: Model `tHsb' substituted by `hsb' on input line 1357.
Package xcolor Info: Model `HSB' substituted by `hsb' on input line 1358.
Package xcolor Info: Model `Gray' substituted by `gray' on input line 1359.
Package xcolor Info: Model `wave' substituted by `hsb' on input line 1360.

(C:\CTEX\MiKTeX\tex\latex\graphics\dvipsnam.def
File: dvipsnam.def 1999/02/16 v3.0i Driver-dependant file (DPC,SPQR)
))
(C:\CTEX\MiKTeX\tex\latex\algorithms\algorithm.sty
Package: algorithm 2009/08/24 v0.1 Document Style `algorithm' - floating enviro
nment

(C:\CTEX\MiKTeX\tex\latex\float\float.sty
Package: float 2001/11/08 v1.3d Float enhancements (AL)
\c@float@type=\count104
\float@exts=\toks20
\float@box=\box28
\@float@everytoks=\toks21
\@floatcapt=\box29
)
(C:\CTEX\MiKTeX\tex\latex\base\ifthen.sty
Package: ifthen 2001/05/26 v1.1c Standard LaTeX ifthen package (DPC)
)
\@float@every@algorithm=\toks22
\c@algorithm=\count105
)
(C:\CTEX\MiKTeX\tex\latex\algorithms\algorithmic.sty
Package: algorithmic 2009/08/24 v0.1 Document Style `algorithmic'
\c@ALC@unique=\count106
\c@ALC@line=\count107
\c@ALC@rem=\count108
\c@ALC@depth=\count109
\ALC@tlm=\skip54
\algorithmicindent=\skip55
)
(C:\CTEX\MiKTeX\tex\latex\preprint\authblk.sty
Package: authblk 2009/11/18 1.3 (PWD)
\affilsep=\skip56
\@affilsep=\skip57
\c@Maxaffil=\count110
\c@authors=\count111
\c@affil=\count112
)
(C:\CTEX\MiKTeX\tex\latex\abstract\abstract.sty
Package: abstract 2009/06/08 v1.2a configurable abstracts
\abstitleskip=\skip58
\absleftindent=\skip59
\absrightindent=\skip60
\absparindent=\skip61
\absparsep=\skip62
)
(C:\CTEX\MiKTeX\tex\latex\comment\comment.sty
\CommentStream=\write3
 Excluding comment 'comment')
(C:\CTEX\MiKTeX\tex\latex\picins\picins.sty
Option `picins' Version 3.0 Sep. 1992, TH Darmstadt/HRZ
\@BILD=\box30
\@TEXT=\box31
\d@breite=\dimen125
\d@hoehe=\dimen126
\d@xoff=\dimen127
\d@yoff=\dimen128
\d@shad=\dimen129
\d@dash=\dimen130
\d@boxl=\dimen131
\d@pichskip=\dimen132
\d@tmp=\dimen133
\d@tmpa=\dimen134
\d@bskip=\dimen135
\hsiz@=\dimen136
\p@getot@l=\dimen137
\c@breite=\count113
\c@hoehe=\count114
\c@xoff=\count115
\c@yoff=\count116
\c@pos=\count117
\c@shad=\count118
\c@dash=\count119
\c@boxl=\count120
\c@zeilen=\count121
\@changemode=\count122
\c@piccaption=\count123
\c@piccaptionpos=\count124
\c@picpos=\count125
\c@whole=\count126
\c@half=\count127
\c@tmp=\count128
\c@tmpa=\count129
\c@tmpb=\count130
\c@tmpc=\count131
\c@tmpd=\count132
\d@leftskip=\skip63
\ptoti=\dimen138
\ptotii=\dimen139
\env@box=\box32
\d@envdp=\dimen140
\c@hsize=\count133
\c@envdp=\count134
\d@envb=\dimen141
)
(C:\CTEX\MiKTeX\tex\latex\ulem\ulem.sty
\UL@box=\box33
\UL@hyphenbox=\box34
\UL@skip=\skip64
\UL@hook=\toks23
\UL@height=\dimen142
\UL@pe=\count135
\UL@pixel=\dimen143
\ULC@box=\box35
Package: ulem 2011/03/18
\ULdepth=\dimen144
)
(C:\CTEX\MiKTeX\tex\latex\ltxmisc\url.sty
\Urlmuskip=\muskip11
Package: url 2006/04/12  ver 3.3  Verb mode for urls, etc.
)
(F:\houghRevise\mva2011_CRC_sample.aux

LaTeX Warning: Label `fig:compa:a' multiply defined.


LaTeX Warning: Label `sub@fig:compa:a' multiply defined.


LaTeX Warning: Label `fig:compa:b' multiply defined.


LaTeX Warning: Label `sub@fig:compa:b' multiply defined.


LaTeX Warning: Label `fig:compa:c' multiply defined.


LaTeX Warning: Label `sub@fig:compa:c' multiply defined.


LaTeX Warning: Label `fig:compa:c' multiply defined.


LaTeX Warning: Label `sub@fig:compa:c' multiply defined.


LaTeX Warning: Label `fig:compa' multiply defined.

)
LaTeX Font Info:    Checking defaults for OML/cmm/m/it on input line 31.
LaTeX Font Info:    ... okay on input line 31.
LaTeX Font Info:    Checking defaults for T1/cmr/m/n on input line 31.
LaTeX Font Info:    ... okay on input line 31.
LaTeX Font Info:    Checking defaults for OT1/cmr/m/n on input line 31.
LaTeX Font Info:    ... okay on input line 31.
LaTeX Font Info:    Checking defaults for OMS/cmsy/m/n on input line 31.
LaTeX Font Info:    ... okay on input line 31.
LaTeX Font Info:    Checking defaults for OMX/cmex/m/n on input line 31.
LaTeX Font Info:    ... okay on input line 31.
LaTeX Font Info:    Checking defaults for U/cmr/m/n on input line 31.
LaTeX Font Info:    ... okay on input line 31.
Package caption Info: Begin \AtBeginDocument code.
Package caption Info: float package is loaded.
Package caption Info: picins package is loaded.
Package caption Info: subfigure package is loaded.
Package caption Info: End \AtBeginDocument code.
LaTeX Font Info:    Try loading font information for OT1+ptm on input line 59.
 (C:\CTEX\MiKTeX\tex\latex\psnfss\ot1ptm.fd
File: ot1ptm.fd 2001/06/04 font definitions for OT1/ptm.
)
LaTeX Font Info:    Try loading font information for U+msa on input line 59.

(C:\CTEX\MiKTeX\tex\latex\amsfonts\umsa.fd
File: umsa.fd 2009/06/22 v3.00 AMS symbols A
)
LaTeX Font Info:    Try loading font information for U+msb on input line 59.

(C:\CTEX\MiKTeX\tex\latex\amsfonts\umsb.fd
File: umsb.fd 2009/06/22 v3.00 AMS symbols B
)
LaTeX Font Info:    Try loading font information for OMS+ptm on input line 59.

(C:\CTEX\MiKTeX\tex\latex\psnfss\omsptm.fd
File: omsptm.fd 
)
LaTeX Font Info:    Font shape `OMS/ptm/m/n' in size <12> not available
(Font)              Font shape `OMS/cmsy/m/n' tried instead on input line 59.

Underfull \hbox (badness 10000) in paragraph at lines 59--59

 []


Underfull \vbox (badness 2529) has occurred while \output is active []

 [1


]
File: PEssR.jpg Graphic file (type eps)

<PEssR.jpg>
File: a56.jpg Graphic file (type eps)
 <a56.jpg>
File: Untitled-6.jpg Graphic file (type eps)
 <Untitled-6.jpg>
File: Untitled-4.jpg Graphic file (type eps)
 <Untitled-4.jpg>
LaTeX Font Info:    Try loading font information for OMS+cmr on input line 127.


(C:\CTEX\MiKTeX\tex\latex\base\omscmr.fd
File: omscmr.fd 1999/05/25 v2.5h Standard LaTeX font definitions
)
LaTeX Font Info:    Font shape `OMS/cmr/m/n' in size <10> not available
(Font)              Font shape `OMS/cmsy/m/n' tried instead on input line 127.
 [2]
Underfull \hbox (badness 1509) in paragraph at lines 139--140
\OT1/cmr/m/n/10 and meth-od-s which in-te-grate tem-po-ral in-for-ma-
 []


Overfull \hbox (17.67914pt too wide) detected at line 164
\OML/cmm/m/it/10 B\OT1/cmr/m/n/10 ([]\OML/cmm/m/it/10 ; []\OT1/cmr/m/n/10 ; \OM
L/cmm/m/it/10 V\OT1/cmr/m/n/10 ) = []  \OML/cmm/m/it/10 :
 []

[3]
File: a56.jpg Graphic file (type eps)
 <a56.jpg>
File: voteimg00056.jpg Graphic file (type eps)
 <voteimg00056.jpg>
File: selectVimg00056_9.jpg Graphic file (type eps)
 <selectVimg00056_9.jpg>
File: selectedvotesimg00056.jpg Graphic file (type eps)

<selectedvotesimg00056.jpg> [4] [5]
File: samples.jpg Graphic file (type eps)
 <samples.jpg>
File: dst6.jpg Graphic file (type eps)
 <dst6.jpg>
File: dst3.jpg Graphic file (type eps)
 <dst3.jpg>
File: dst5.jpg Graphic file (type eps)

<dst5.jpg>
File: dst2.jpg Graphic file (type eps)
 <dst2.jpg>
File: dst4.jpg Graphic file (type eps)
 <dst4.jpg>
File: dst1.jpg Graphic file (type eps)
 <dst1.jpg>
Underfull \hbox (badness 3815) in paragraph at lines 417--425
[][]\OT1/cmr/bx/n/10 Implementation Set-tings |   []   |   []   |   []
 []

File: a16.jpg Graphic file (type eps)
<a16.jpg>
File: a26.jpg Graphic file (type eps)
 <a26.jpg>
File: a71.jpg Graphic file (type eps)
 <a71.jpg>
File: a116.jpg Graphic file (type eps)
 <a116.jpg>
File: prf.eps Graphic file (type eps)
 <prf.eps>
File: cm2.eps Graphic file (type eps)
 <cm2.eps>
File: cm1.eps Graphic file (type eps)
 <cm1.eps>
Underfull \hbox (badness 1466) in paragraph at lines 458--459
[][]\OT1/cmr/m/n/10 The precision-recall curves are shown in Fig-
 []

[6]
File: 016.jpg Graphic file (type eps)
 <016.jpg>
File: 026.jpg Graphic file (type eps)
 <026.jpg>
File: 071.jpg Graphic file (type eps)
 <071.jpg>
File: 116.jpg Graphic file (type eps)
 <116.jpg>
File: 166.jpg Graphic file (type eps)
 <166.jpg>
File: 251.jpg Graphic file (type eps)
 <251.jpg>
File: 326.jpg Graphic file (type eps)
 <326.jpg>
File: 366.jpg Graphic file (type eps)

<366.jpg>
File: amotionimg00296.jpg Graphic file (type eps)
 <amotionimg00296.jpg>
File: amotionimg01836.jpg Graphic file (type eps)
 <amotionimg01836.jpg>
File: selectVimg00296_0.jpg Graphic file (type eps)
 <selectVimg00296_0.jpg>
File: selectVimg01836_0.jpg Graphic file (type eps)

<selectVimg01836_0.jpg>
File: selectVimg00296_19.jpg Graphic file (type eps)
 <selectVimg00296_19.jpg>
File: selectVimg01836_19.jpg Graphic file (type eps)
 <selectVimg01836_19.jpg>
File: PER1.jpg Graphic file (type eps)

<PER1.jpg>
File: PER2.jpg Graphic file (type eps)
 <PER2.jpg>
File: 1.jpg Graphic file (type eps)
 <1.jpg>
File: 3.jpg Graphic file (type eps)
 <3.jpg>
File: 2.jpg Graphic file (type eps)
 <2.jpg>
File: 4.jpg Graphic file (type eps)
 <4.jpg>
File: leo1.jpg Graphic file (type eps)
 <leo1.jpg>
File: leo2.jpg Graphic file (type eps)
 <leo2.jpg>
File: leo3.jpg Graphic file (type eps)

<leo3.jpg>
File: ti1.jpg Graphic file (type eps)
 <ti1.jpg>
Underfull \vbox (badness 6625) has occurred while \output is active []


(F:\houghRevise\mva2011_CRC_sample.bbl
Overfull \hbox (3.5741pt too wide) in paragraph at lines 4--7
\OT1/cmr/m/n/9 tec-t ar-bi-trary shapes.  \OT1/cmr/m/it/9 Pat-tern Recog-ni-tio
n\OT1/cmr/m/n/9 , 13(2):111--
 []


Underfull \vbox (badness 5175) has occurred while \output is active []



Package balance Warning: You have called \balance in second column
(balance)                Columns might not be balanced.

[7]
Overfull \hbox (2.41405pt too wide) in paragraph at lines 14--17
\OT1/cmr/m/n/9 de-tec-tion of in-de-pen-den-t mo-tion in crowd-s.  In \OT1/cmr/
m/it/9 CVPR\OT1/cmr/m/n/9 ,
 []


Overfull \hbox (0.42668pt too wide) in paragraph at lines 24--27
[][]\OT1/cmr/m/n/9 P. Felzen-szwal-b and D. Hut-ten-locher.  Pic-to-ri-al struc
-
 []


Overfull \hbox (1.37187pt too wide) in paragraph at lines 34--37
[][]\OT1/cmr/m/n/9 J. Gal-l and V. Lem-pit-sky.  Class-specific hough forest-
 []

[8])
File: wzp.jpg Graphic file (type eps)
 <wzp.jpg>
LaTeX Font Info:    Font shape `OT1/ptm/bx/n' in size <10> not available
(Font)              Font shape `OT1/ptm/b/n' tried instead on input line 572.

Underfull \hbox (badness 2772) in paragraph at lines 572--574
\OT1/cmr/m/n/10 He re-ceived his M.S. de-gree in
 []

File: cjs.jpg Graphic file (type eps)
<cjs.jpg>
Underfull \hbox (badness 1527) in paragraph at lines 576--584
\OT1/cmr/m/n/10 put-er Sci-ence, Peking U-ni-ver-si-ty,
 []

File: zhb.jpg Graphic file (type eps)
<zhb.jpg>
Underfull \hbox (badness 1072) in paragraph at lines 587--606
\OT1/cmr/m/n/10 Hefei U-ni-ver-si-ty of Tech- nol-o-gy,
 []


Overfull \vbox (1.4983pt too high) has occurred while \output is active []


[9]
File: mk.jpg Graphic file (type eps)
 <mk.jpg>
File: os.jpg Graphic file (type eps)
 <os.jpg>
File: ki.jpg Graphic file (type eps)
 <ki.jpg>
Missing character: There is no ¡ in font cmr10!
Missing character: There is no ¡ in font cmr10!
Missing character: There is no ¡ in font cmr10!
Missing character: There is no ¡ in font cmr10!
Missing character: There is no ¡ in font cmr10!
Missing character: There is no ¡ in font cmr10!
Missing character: There is no ¡ in font cmr10!
Missing character: There is no ¡ in font cmr10!
Missing character: There is no ¡ in font cmr10!
Missing character: There is no ¡ in font cmr10!
Missing character: There is no ¡ in font cmr10!
Missing character: There is no ¡ in font cmr10!
Missing character: There is no ¡ in font cmr10!
Missing character: There is no ¡ in font cmr10!
Missing character: There is no ¡ in font cmr10!
Missing character: There is no ¡ in font cmr10!

Underfull \hbox (badness 3942) in paragraph at lines 633--634
[][]\OT1/cmr/m/n/10 He has served (or will serve) as the pro-
 []


Underfull \hbox (badness 3965) in paragraph at lines 633--634
\OT1/cmr/m/n/10 fer-ences, in-clud-ing 1995 IEEE-IROS (Gen-er-al),
 []

[10]
Underfull \hbox (badness 10000) in paragraph at lines 640--642

 []


Underfull \hbox (badness 10000) in paragraph at lines 645--647

 []


Underfull \hbox (badness 10000) in paragraph at lines 650--652

 []


Underfull \hbox (badness 10000) in paragraph at lines 655--657

 []


Underfull \hbox (badness 10000) in paragraph at lines 660--662

 []


Underfull \hbox (badness 10000) in paragraph at lines 665--667

 []


Underfull \hbox (badness 10000) in paragraph at lines 670--672

 []

[11] (F:\houghRevise\mva2011_CRC_sample.aux)

LaTeX Warning: There were multiply-defined labels.

 ) 
Here is how much of TeX's memory you used:
 4276 strings out of 495355
 56379 string characters out of 3183882
 141811 words of memory out of 3000000
 7311 multiletter control sequences out of 15000+200000
 17709 words of font info for 63 fonts, out of 3000000 for 9000
 14 hyphenation exceptions out of 8191
 43i,22n,40p,1544b,726s stack positions out of 5000i,500n,10000p,200000b,50000s

Output written on mva2011_CRC_sample.dvi (11 pages, 85924 bytes).
